<?xml version="1.0" encoding="UTF-8"?>
<testsuite xmlns:xsi="http://www.w3.org/2001/XMLSchema-instance" xsi:noNamespaceSchemaLocation="https://maven.apache.org/surefire/maven-surefire-plugin/xsd/surefire-test-report.xsd" name="scheduler.TestFileSystemScheduler" time="0.113" tests="4" errors="0" skipped="0" failures="0">
  <properties>
[...]
</properties>
  <testcase name="setAllFileStorageInfoTest" classname="scheduler.TestFileSystemScheduler" time="0.097"/>
  <testcase name="scheduleMainReplicaTest" classname="scheduler.TestFileSystemScheduler" time="0.002"/>
  <testcase name="scheduleMainReplicaNullTest" classname="scheduler.TestFileSystemScheduler" time="0"/>
  <testcase name="scheduleFileGetTest" classname="scheduler.TestFileSystemScheduler" time="0.009"/>
</testsuite>